Build started 30.03.2016 21:19:32.
     1>Project "C:\Users\Алексей\Documents\Visual Studio 2013\Projects\Notepad--\Notepad--\Notepad--.vcxproj" on node 2 (Rebuild target(s)).
     1>ClCompile:
         C:\Program Files (x86)\Microsoft Visual Studio 12.0\VC\bin\CL.exe /c /Zi /nologo /W3 /WX- /sdl /O2 /Oi /Oy- /GL /D WIN32 /D NDEBUG /D _WINDOWS /D _UNICODE /D UNICODE /Gm- /EHsc /MD /GS /Gy /fp:precise /Zc:wchar_t /Zc:forScope /Fo"Release\\" /Fd"Release\vc120.pdb" /Gd /TP /analyze- /errorReport:prompt EditControlWindow.cpp main.cpp NotepadWindow.cpp
         EditControlWindow.cpp
         main.cpp
         NotepadWindow.cpp
       ResourceCompile:
         C:\Program Files (x86)\Windows Kits\8.1\bin\x86\rc.exe /D _UNICODE /D UNICODE /l"0x0409" /nologo /fo"Release\Notepad--.res" Notepad--.rc 
       Link:
         C:\Program Files (x86)\Microsoft Visual Studio 12.0\VC\bin\link.exe /ERRORREPORT:PROMPT /OUT:"C:\Users\Алексей\Documents\Visual Studio 2013\Projects\Notepad--\Release\Notepad--.exe" /INCREMENTAL:NO /NOLOGO kernel32.lib user32.lib gdi32.lib winspool.lib comdlg32.lib advapi32.lib shell32.lib ole32.lib oleaut32.lib uuid.lib odbc32.lib odbccp32.lib /MANIFEST /MANIFESTUAC:"level='asInvoker' uiAccess='false'" /manifest:embed /DEBUG /PDB:"C:\Users\Алексей\Documents\Visual Studio 2013\Projects\Notepad--\Release\Notepad--.pdb" /SUBSYSTEM:WINDOWS /OPT:REF /OPT:ICF /LTCG /TLBID:1 /DYNAMICBASE /NXCOMPAT /IMPLIB:"C:\Users\Алексей\Documents\Visual Studio 2013\Projects\Notepad--\Release\Notepad--.lib" /MACHINE:X86 /SAFESEH "Release\Notepad--.res"
         Release\EditControlWindow.obj
         Release\main.obj
         Release\NotepadWindow.obj
         Generating code
     1>c:\users\алексей\documents\visual studio 2013\projects\notepad--\notepad--\notepadwindow.cpp(110): warning C4715: 'CNotepadWindow::OnClose' : not all control paths return a value
         Finished generating code
         Notepad--.vcxproj -> C:\Users\Алексей\Documents\Visual Studio 2013\Projects\Notepad--\Release\Notepad--.exe
     1>Done Building Project "C:\Users\Алексей\Documents\Visual Studio 2013\Projects\Notepad--\Notepad--\Notepad--.vcxproj" (Rebuild target(s)).

Build succeeded.

Time Elapsed 00:00:01.46
